2022-01-30 12:47:23,384, INFO:AdSemble, Inc: index 0 is out of bounds for axis 0 with size 0
2022-01-30 12:47:23,676, INFO:MAB Media: index 0 is out of bounds for axis 0 with size 0
2022-01-30 12:47:24,119, INFO:Omniix: index 0 is out of bounds for axis 0 with size 0
2022-01-30 12:47:24,609, INFO:Arbor Advertising: index 0 is out of bounds for axis 0 with size 0
2022-01-30 12:47:24,876, INFO:Obi One Media: index 0 is out of bounds for axis 0 with size 0
2022-01-30 12:47:25,311, INFO:Garage Gym: index 0 is out of bounds for axis 0 with size 0
2022-01-30 12:47:25,581, INFO:Ultimate You Project: index 0 is out of bounds for axis 0 with size 0
2022-01-30 12:47:25,834, INFO:Establish PR: index 0 is out of bounds for axis 0 with size 0
2022-01-30 12:47:30,041, INFO:Marketing Funnel Automation: index 0 is out of bounds for axis 0 with size 0
2022-01-30 12:47:30,549, INFO:Front Pack Swim: index 0 is out of bounds for axis 0 with size 0
2022-01-30 12:47:34,822, INFO:Amplify My Business: index 0 is out of bounds for axis 0 with size 0
2022-01-30 12:47:35,284, INFO:PrecisionSlim: index 0 is out of bounds for axis 0 with size 0
2022-01-30 12:47:58,396, INFO:Cheryl Hunter: index 0 is out of bounds for axis 0 with size 0
2022-01-30 12:47:58,682, INFO:Local Mapsmith: index 0 is out of bounds for axis 0 with size 0
2022-01-30 12:47:58,956, INFO:2x: index 0 is out of bounds for axis 0 with size 0
2022-01-30 12:47:59,222, INFO:Modern Digital Agent: index 0 is out of bounds for axis 0 with size 0
2022-01-30 12:47:59,517, INFO:Scalebold: index 0 is out of bounds for axis 0 with size 0
2022-01-30 12:47:59,797, INFO:Sally Sparks: index 0 is out of bounds for axis 0 with size 0
2022-01-30 12:48:00,142, INFO:RemRoi: Out of bounds nanosecond timestamp: 1-08-09 00:00:00
2022-01-30 12:48:00,549, INFO:Milkshake Media: Out of bounds nanosecond timestamp: 1-08-09 00:00:00
2022-01-30 12:48:00,973, INFO:LaniNalu - inactive: Out of bounds nanosecond timestamp: 1-02-08 00:00:00
2022-01-30 12:48:01,240, INFO:Take Your Power Back Now: Out of bounds nanosecond timestamp: 1-08-16 00:00:00
2022-01-30 12:48:01,524, INFO:High Ticket Empress: Out of bounds nanosecond timestamp: 1-05-17 00:00:00
2022-01-30 12:48:01,882, INFO:Melanie Power: Out of bounds nanosecond timestamp: 1-07-19 00:00:00
2022-01-30 12:48:02,146, INFO:EBS: Out of bounds nanosecond timestamp: 1-08-16 00:00:00
2022-01-30 12:48:02,408, INFO:Committed 100: Out of bounds nanosecond timestamp: 1-09-27 00:00:00
2022-01-30 12:48:02,679, INFO:Tradacc: Out of bounds nanosecond timestamp: 1-10-18 00:00:00
2022-01-30 12:48:29,120, INFO:Sales Recruiting University: Out of bounds nanosecond timestamp: 1-09-06 00:00:00
2022-01-30 12:48:48,156, INFO:ML Sense Ltd: index 0 is out of bounds for axis 0 with size 0
2022-01-30 12:48:48,415, INFO:Multiply Inc: Out of bounds nanosecond timestamp: 1-08-23 00:00:00
2022-01-30 12:48:48,669, INFO:Square 1 Group: index 0 is out of bounds for axis 0 with size 0
2022-01-30 12:48:56,246, INFO:Oneself Limited: Out of bounds nanosecond timestamp: 1-11-22 00:00:00
2022-01-30 12:49:00,031, INFO:Template: index 0 is out of bounds for axis 0 with size 0
2022-01-30 12:49:00,599, INFO:Slackbot: 'Total SSB'
2022-01-30 12:49:00,851, INFO:EOD Reference: 'Total SSB'
2022-01-31 07:56:20,194, INFO:AdSemble, Inc: index 0 is out of bounds for axis 0 with size 0
2022-01-31 07:56:20,622, INFO:MAB Media: index 0 is out of bounds for axis 0 with size 0
2022-01-31 07:56:21,158, INFO:Omniix: index 0 is out of bounds for axis 0 with size 0
2022-01-31 07:56:21,579, INFO:Arbor Advertising: index 0 is out of bounds for axis 0 with size 0
2022-01-31 07:56:21,968, INFO:Obi One Media: index 0 is out of bounds for axis 0 with size 0
2022-01-31 07:56:22,491, INFO:Garage Gym: index 0 is out of bounds for axis 0 with size 0
2022-01-31 07:56:22,881, INFO:Ultimate You Project: index 0 is out of bounds for axis 0 with size 0
2022-01-31 07:56:23,288, INFO:Establish PR: index 0 is out of bounds for axis 0 with size 0
2022-01-31 07:56:27,509, INFO:Marketing Funnel Automation: index 0 is out of bounds for axis 0 with size 0
2022-01-31 07:56:27,929, INFO:Front Pack Swim: index 0 is out of bounds for axis 0 with size 0
2022-01-31 07:56:35,861, INFO:Amplify My Business: index 0 is out of bounds for axis 0 with size 0
2022-01-31 07:56:36,530, INFO:PrecisionSlim: index 0 is out of bounds for axis 0 with size 0
2022-01-31 07:56:56,995, INFO:Cheryl Hunter: index 0 is out of bounds for axis 0 with size 0
2022-01-31 07:56:57,530, INFO:Local Mapsmith: index 0 is out of bounds for axis 0 with size 0
2022-01-31 07:56:57,909, INFO:2x: index 0 is out of bounds for axis 0 with size 0
2022-01-31 07:56:58,307, INFO:Modern Digital Agent: index 0 is out of bounds for axis 0 with size 0
2022-01-31 07:56:58,706, INFO:Scalebold: index 0 is out of bounds for axis 0 with size 0
2022-01-31 07:56:59,082, INFO:Sally Sparks: index 0 is out of bounds for axis 0 with size 0
2022-01-31 07:56:59,494, INFO:RemRoi: Out of bounds nanosecond timestamp: 1-08-09 00:00:00
2022-01-31 07:57:00,012, INFO:Milkshake Media: Out of bounds nanosecond timestamp: 1-08-09 00:00:00
2022-01-31 07:57:00,428, INFO:LaniNalu - inactive: Out of bounds nanosecond timestamp: 1-02-08 00:00:00
2022-01-31 07:57:00,792, INFO:Take Your Power Back Now: Out of bounds nanosecond timestamp: 1-08-16 00:00:00
2022-01-31 07:57:01,300, INFO:High Ticket Empress: Out of bounds nanosecond timestamp: 1-05-17 00:00:00
2022-01-31 07:57:01,682, INFO:Melanie Power: Out of bounds nanosecond timestamp: 1-07-19 00:00:00
2022-01-31 07:57:02,068, INFO:EBS: Out of bounds nanosecond timestamp: 1-08-16 00:00:00
2022-01-31 07:57:02,490, INFO:Committed 100: Out of bounds nanosecond timestamp: 1-09-27 00:00:00
2022-01-31 07:57:02,895, INFO:Tradacc: Out of bounds nanosecond timestamp: 1-10-18 00:00:00
2022-01-31 07:57:30,781, INFO:Sales Recruiting University: Out of bounds nanosecond timestamp: 1-09-06 00:00:00
2022-01-31 07:57:50,745, INFO:ML Sense Ltd: index 0 is out of bounds for axis 0 with size 0
2022-01-31 07:57:51,090, INFO:Multiply Inc: Out of bounds nanosecond timestamp: 1-08-23 00:00:00
2022-01-31 07:57:51,450, INFO:Square 1 Group: index 0 is out of bounds for axis 0 with size 0
2022-01-31 07:57:59,642, INFO:Oneself Limited: Out of bounds nanosecond timestamp: 1-11-22 00:00:00
2022-01-31 07:58:03,738, INFO:Template: index 0 is out of bounds for axis 0 with size 0
2022-01-31 07:58:04,557, INFO:Slackbot: 'Total SSB'
2022-01-31 07:58:04,940, INFO:EOD Reference: 'Total SSB'
2022-02-01 07:57:54,784, INFO:AdSemble, Inc: index 0 is out of bounds for axis 0 with size 0
2022-02-01 07:57:55,272, INFO:MAB Media: index 0 is out of bounds for axis 0 with size 0
2022-02-01 07:57:55,648, INFO:Omniix: index 0 is out of bounds for axis 0 with size 0
2022-02-01 07:57:56,198, INFO:Arbor Advertising: index 0 is out of bounds for axis 0 with size 0
2022-02-01 07:57:56,707, INFO:Obi One Media: index 0 is out of bounds for axis 0 with size 0
2022-02-01 07:57:57,316, INFO:Garage Gym: index 0 is out of bounds for axis 0 with size 0
2022-02-01 07:57:57,711, INFO:Ultimate You Project: index 0 is out of bounds for axis 0 with size 0
2022-02-01 07:57:58,104, INFO:Establish PR: index 0 is out of bounds for axis 0 with size 0
2022-02-01 07:58:02,762, INFO:Marketing Funnel Automation: index 0 is out of bounds for axis 0 with size 0
2022-02-01 07:58:03,192, INFO:Front Pack Swim: index 0 is out of bounds for axis 0 with size 0
2022-02-01 07:58:11,893, INFO:Amplify My Business: index 0 is out of bounds for axis 0 with size 0
2022-02-01 07:58:12,459, INFO:PrecisionSlim: index 0 is out of bounds for axis 0 with size 0
2022-02-01 07:58:29,474, INFO:Cheryl Hunter: index 0 is out of bounds for axis 0 with size 0
2022-02-01 07:58:29,886, INFO:Local Mapsmith: index 0 is out of bounds for axis 0 with size 0
2022-02-01 07:58:30,377, INFO:2x: index 0 is out of bounds for axis 0 with size 0
2022-02-01 07:58:30,748, INFO:Modern Digital Agent: index 0 is out of bounds for axis 0 with size 0
2022-02-01 07:58:31,264, INFO:Scalebold: index 0 is out of bounds for axis 0 with size 0
2022-02-01 07:58:31,817, INFO:Sally Sparks: index 0 is out of bounds for axis 0 with size 0
2022-02-01 07:58:32,344, INFO:RemRoi: Out of bounds nanosecond timestamp: 1-08-09 00:00:00
2022-02-01 07:58:32,890, INFO:Milkshake Media: Out of bounds nanosecond timestamp: 1-08-09 00:00:00
2022-02-01 07:58:33,354, INFO:LaniNalu - inactive: Out of bounds nanosecond timestamp: 1-02-08 00:00:00
2022-02-01 07:58:33,856, INFO:Take Your Power Back Now: Out of bounds nanosecond timestamp: 1-08-16 00:00:00
2022-02-01 07:58:34,407, INFO:High Ticket Empress: Out of bounds nanosecond timestamp: 1-05-17 00:00:00
2022-02-01 07:58:34,930, INFO:Melanie Power: Out of bounds nanosecond timestamp: 1-07-19 00:00:00
2022-02-01 07:58:35,494, INFO:EBS: Out of bounds nanosecond timestamp: 1-08-16 00:00:00
2022-02-01 07:58:35,855, INFO:Committed 100: Out of bounds nanosecond timestamp: 1-09-27 00:00:00
2022-02-01 07:58:36,358, INFO:Tradacc: Out of bounds nanosecond timestamp: 1-10-18 00:00:00
2022-02-01 07:59:11,197, INFO:Sales Recruiting University: Out of bounds nanosecond timestamp: 1-09-06 00:00:00
2022-02-01 07:59:31,831, INFO:ML Sense Ltd: index 0 is out of bounds for axis 0 with size 0
2022-02-01 07:59:32,234, INFO:Multiply Inc: Out of bounds nanosecond timestamp: 1-08-23 00:00:00
2022-02-01 07:59:32,639, INFO:Square 1 Group: index 0 is out of bounds for axis 0 with size 0
2022-02-01 07:59:40,659, INFO:Right 2 Fitness: index 0 is out of bounds for axis 0 with size 0
2022-02-01 07:59:44,776, INFO:Oneself Limited: Out of bounds nanosecond timestamp: 1-11-22 00:00:00
2022-02-01 07:59:48,627, INFO:Template: index 0 is out of bounds for axis 0 with size 0
2022-02-01 07:59:49,262, INFO:Slackbot: 'Total SSB'
2022-02-01 07:59:49,646, INFO:EOD Reference: 'Total SSB'
2022-02-01 19:17:38,594, INFO:AdSemble, Inc: index 0 is out of bounds for axis 0 with size 0
2022-02-01 19:17:38,906, INFO:MAB Media: index 0 is out of bounds for axis 0 with size 0
2022-02-01 19:17:39,184, INFO:Omniix: index 0 is out of bounds for axis 0 with size 0
2022-02-01 19:17:39,621, INFO:Arbor Advertising: index 0 is out of bounds for axis 0 with size 0
2022-02-01 19:17:40,004, INFO:Obi One Media: index 0 is out of bounds for axis 0 with size 0
2022-02-01 19:17:40,417, INFO:Garage Gym: index 0 is out of bounds for axis 0 with size 0
2022-02-01 19:17:40,848, INFO:Ultimate You Project: index 0 is out of bounds for axis 0 with size 0
2022-02-01 19:17:41,146, INFO:Establish PR: index 0 is out of bounds for axis 0 with size 0
2022-02-01 19:17:45,365, INFO:Marketing Funnel Automation: index 0 is out of bounds for axis 0 with size 0
2022-02-01 19:17:45,765, INFO:Front Pack Swim: index 0 is out of bounds for axis 0 with size 0
2022-02-01 19:17:54,051, INFO:Amplify My Business: index 0 is out of bounds for axis 0 with size 0
2022-02-01 19:17:54,463, INFO:PrecisionSlim: index 0 is out of bounds for axis 0 with size 0
2022-02-01 19:18:09,832, INFO:Cheryl Hunter: index 0 is out of bounds for axis 0 with size 0
2022-02-01 19:18:10,141, INFO:Local Mapsmith: index 0 is out of bounds for axis 0 with size 0
2022-02-01 19:18:10,548, INFO:2x: index 0 is out of bounds for axis 0 with size 0
2022-02-01 19:18:10,950, INFO:Modern Digital Agent: index 0 is out of bounds for axis 0 with size 0
2022-02-01 19:18:11,365, INFO:Scalebold: index 0 is out of bounds for axis 0 with size 0
2022-02-01 19:18:11,667, INFO:Sally Sparks: index 0 is out of bounds for axis 0 with size 0
2022-02-01 19:18:12,078, INFO:RemRoi: Out of bounds nanosecond timestamp: 1-08-09 00:00:00
2022-02-01 19:18:12,487, INFO:Milkshake Media: Out of bounds nanosecond timestamp: 1-08-09 00:00:00
2022-02-01 19:18:12,910, INFO:LaniNalu - inactive: Out of bounds nanosecond timestamp: 1-02-08 00:00:00
2022-02-01 19:18:13,306, INFO:Take Your Power Back Now: Out of bounds nanosecond timestamp: 1-08-16 00:00:00
2022-02-01 19:18:13,708, INFO:High Ticket Empress: Out of bounds nanosecond timestamp: 1-05-17 00:00:00
2022-02-01 19:18:14,121, INFO:Melanie Power: Out of bounds nanosecond timestamp: 1-07-19 00:00:00
2022-02-01 19:18:14,419, INFO:EBS: Out of bounds nanosecond timestamp: 1-08-16 00:00:00
2022-02-01 19:18:14,725, INFO:Committed 100: Out of bounds nanosecond timestamp: 1-09-27 00:00:00
2022-02-01 19:18:15,144, INFO:Tradacc: Out of bounds nanosecond timestamp: 1-10-18 00:00:00
2022-02-01 19:18:46,246, INFO:Sales Recruiting University: Out of bounds nanosecond timestamp: 1-09-06 00:00:00
2022-02-01 19:19:05,635, INFO:ML Sense Ltd: index 0 is out of bounds for axis 0 with size 0
2022-02-01 19:19:05,902, INFO:Multiply Inc: Out of bounds nanosecond timestamp: 1-08-23 00:00:00
2022-02-01 19:19:06,166, INFO:Square 1 Group: index 0 is out of bounds for axis 0 with size 0
2022-02-01 19:19:17,962, INFO:Oneself Limited: Out of bounds nanosecond timestamp: 1-11-22 00:00:00
2022-02-01 19:19:22,380, INFO:Slackbot: 'Total SSB'
2022-02-01 19:19:22,724, INFO:EOD Reference: 'Total SSB'
2022-02-03 08:00:14,570, INFO:AdSemble, Inc: index 0 is out of bounds for axis 0 with size 0
2022-02-03 08:00:14,815, INFO:MAB Media: index 0 is out of bounds for axis 0 with size 0
2022-02-03 08:00:15,145, INFO:Omniix: index 0 is out of bounds for axis 0 with size 0
2022-02-03 08:00:15,379, INFO:Arbor Advertising: index 0 is out of bounds for axis 0 with size 0
2022-02-03 08:00:15,698, INFO:Obi One Media: index 0 is out of bounds for axis 0 with size 0
2022-02-03 08:00:16,045, INFO:Garage Gym: index 0 is out of bounds for axis 0 with size 0
2022-02-03 08:00:16,361, INFO:Ultimate You Project: index 0 is out of bounds for axis 0 with size 0
2022-02-03 08:00:16,658, INFO:Establish PR: index 0 is out of bounds for axis 0 with size 0
2022-02-03 08:00:20,431, INFO:Marketing Funnel Automation: index 0 is out of bounds for axis 0 with size 0
2022-02-03 08:00:20,687, INFO:Front Pack Swim: index 0 is out of bounds for axis 0 with size 0
2022-02-03 08:00:31,925, INFO:Amplify My Business: index 0 is out of bounds for axis 0 with size 0
2022-02-03 08:00:32,251, INFO:PrecisionSlim: index 0 is out of bounds for axis 0 with size 0
2022-02-03 08:00:43,323, INFO:Cheryl Hunter: index 0 is out of bounds for axis 0 with size 0
2022-02-03 08:00:43,568, INFO:Local Mapsmith: index 0 is out of bounds for axis 0 with size 0
2022-02-03 08:00:43,805, INFO:2x: index 0 is out of bounds for axis 0 with size 0
2022-02-03 08:00:44,050, INFO:Modern Digital Agent: index 0 is out of bounds for axis 0 with size 0
2022-02-03 08:00:44,307, INFO:Scalebold: index 0 is out of bounds for axis 0 with size 0
2022-02-03 08:00:44,629, INFO:Sally Sparks: index 0 is out of bounds for axis 0 with size 0
2022-02-03 08:00:44,942, INFO:RemRoi: Out of bounds nanosecond timestamp: 1-08-09 00:00:00
2022-02-03 08:00:45,179, INFO:Milkshake Media: Out of bounds nanosecond timestamp: 1-08-09 00:00:00
2022-02-03 08:00:45,449, INFO:LaniNalu - inactive: Out of bounds nanosecond timestamp: 1-02-08 00:00:00
2022-02-03 08:00:45,697, INFO:Take Your Power Back Now: Out of bounds nanosecond timestamp: 1-08-16 00:00:00
2022-02-03 08:00:45,951, INFO:High Ticket Empress: Out of bounds nanosecond timestamp: 1-05-17 00:00:00
2022-02-03 08:00:46,197, INFO:Melanie Power: Out of bounds nanosecond timestamp: 1-07-19 00:00:00
2022-02-03 08:00:46,432, INFO:EBS: Out of bounds nanosecond timestamp: 1-08-16 00:00:00
2022-02-03 08:00:46,661, INFO:Committed 100: Out of bounds nanosecond timestamp: 1-09-27 00:00:00
2022-02-03 08:00:46,881, INFO:Tradacc: Out of bounds nanosecond timestamp: 1-10-18 00:00:00
2022-02-03 08:00:57,914, INFO:AltAgency: Out of bounds nanosecond timestamp: 1-01-01 00:00:00
2022-02-03 08:01:13,047, INFO:Sales Recruiting University: Out of bounds nanosecond timestamp: 1-09-06 00:00:00
2022-02-03 08:01:31,259, INFO:ML Sense Ltd: index 0 is out of bounds for axis 0 with size 0
2022-02-03 08:01:31,488, INFO:Multiply Inc: Out of bounds nanosecond timestamp: 1-08-23 00:00:00
2022-02-03 08:01:31,721, INFO:Square 1 Group: index 0 is out of bounds for axis 0 with size 0
2022-02-03 08:01:46,287, INFO:Oneself Limited: Out of bounds nanosecond timestamp: 1-11-22 00:00:00
2022-02-03 08:01:50,444, INFO:Slackbot: 'Total SSB'
2022-02-03 08:01:50,661, INFO:EOD Reference: 'Total SSB'
2022-02-04 08:09:55,216, INFO:AdSemble, Inc: index 0 is out of bounds for axis 0 with size 0
2022-02-04 08:09:55,568, INFO:MAB Media: index 0 is out of bounds for axis 0 with size 0
2022-02-04 08:09:55,949, INFO:Omniix: index 0 is out of bounds for axis 0 with size 0
2022-02-04 08:09:56,229, INFO:Arbor Advertising: index 0 is out of bounds for axis 0 with size 0
2022-02-04 08:09:56,595, INFO:Obi One Media: index 0 is out of bounds for axis 0 with size 0
2022-02-04 08:09:56,987, INFO:Garage Gym: index 0 is out of bounds for axis 0 with size 0
2022-02-04 08:09:57,269, INFO:Ultimate You Project: index 0 is out of bounds for axis 0 with size 0
2022-02-04 08:09:57,565, INFO:Establish PR: index 0 is out of bounds for axis 0 with size 0
2022-02-04 08:10:03,027, INFO:Marketing Funnel Automation: index 0 is out of bounds for axis 0 with size 0
2022-02-04 08:10:03,422, INFO:Front Pack Swim: index 0 is out of bounds for axis 0 with size 0
2022-02-04 08:10:18,328, INFO:Amplify My Business: index 0 is out of bounds for axis 0 with size 0
2022-02-04 08:10:18,650, INFO:PrecisionSlim: index 0 is out of bounds for axis 0 with size 0
2022-02-04 08:10:26,363, INFO:Cheryl Hunter: index 0 is out of bounds for axis 0 with size 0
2022-02-04 08:10:26,663, INFO:Local Mapsmith: index 0 is out of bounds for axis 0 with size 0
2022-02-04 08:10:26,960, INFO:2x: index 0 is out of bounds for axis 0 with size 0
2022-02-04 08:10:27,252, INFO:Modern Digital Agent: index 0 is out of bounds for axis 0 with size 0
2022-02-04 08:10:27,540, INFO:Scalebold: index 0 is out of bounds for axis 0 with size 0
2022-02-04 08:10:27,847, INFO:Sally Sparks: index 0 is out of bounds for axis 0 with size 0
2022-02-04 08:10:28,148, INFO:RemRoi: Out of bounds nanosecond timestamp: 1-08-09 00:00:00
2022-02-04 08:10:28,719, INFO:Milkshake Media: Out of bounds nanosecond timestamp: 1-08-09 00:00:00
2022-02-04 08:10:29,007, INFO:LaniNalu - inactive: Out of bounds nanosecond timestamp: 1-02-08 00:00:00
2022-02-04 08:10:29,271, INFO:Take Your Power Back Now: Out of bounds nanosecond timestamp: 1-08-16 00:00:00
2022-02-04 08:10:29,556, INFO:High Ticket Empress: Out of bounds nanosecond timestamp: 1-05-17 00:00:00
2022-02-04 08:10:30,153, INFO:Melanie Power: Out of bounds nanosecond timestamp: 1-07-19 00:00:00
2022-02-04 08:10:30,431, INFO:EBS: Out of bounds nanosecond timestamp: 1-08-16 00:00:00
2022-02-04 08:10:30,989, INFO:Committed 100: Out of bounds nanosecond timestamp: 1-09-27 00:00:00
2022-02-04 08:10:31,265, INFO:Tradacc: Out of bounds nanosecond timestamp: 1-10-18 00:00:00
2022-02-04 08:10:42,956, INFO:AltAgency: Out of bounds nanosecond timestamp: 1-01-01 00:00:00
2022-02-04 08:10:43,267, INFO:The Sponsorship Collective: Out of bounds nanosecond timestamp: 1-12-31 00:00:00
2022-02-04 08:10:54,936, INFO:Sales Recruiting University: Out of bounds nanosecond timestamp: 1-09-06 00:00:00
2022-02-04 08:11:13,556, INFO:ML Sense Ltd: index 0 is out of bounds for axis 0 with size 0
2022-02-04 08:11:13,826, INFO:Multiply Inc: Out of bounds nanosecond timestamp: 1-08-23 00:00:00
2022-02-04 08:11:14,122, INFO:Square 1 Group: index 0 is out of bounds for axis 0 with size 0
2022-02-04 08:11:29,349, INFO:Oneself Limited: Out of bounds nanosecond timestamp: 1-11-22 00:00:00
2022-02-04 08:11:33,685, INFO:Slackbot: 'Total SSB'
2022-02-04 08:11:34,022, INFO:EOD Reference: 'Total SSB'
2022-02-07 17:09:31,023, INFO:AdSemble, Inc: index 0 is out of bounds for axis 0 with size 0
2022-02-07 17:09:31,543, INFO:MAB Media: index 0 is out of bounds for axis 0 with size 0
2022-02-07 17:09:32,063, INFO:Omniix: index 0 is out of bounds for axis 0 with size 0
2022-02-07 17:09:32,608, INFO:Arbor Advertising: index 0 is out of bounds for axis 0 with size 0
2022-02-07 17:09:33,128, INFO:Obi One Media: index 0 is out of bounds for axis 0 with size 0
2022-02-07 17:09:33,605, INFO:Garage Gym: index 0 is out of bounds for axis 0 with size 0
2022-02-07 17:09:34,093, INFO:Ultimate You Project: index 0 is out of bounds for axis 0 with size 0
2022-02-07 17:09:34,499, INFO:Establish PR: index 0 is out of bounds for axis 0 with size 0
2022-02-07 17:09:39,331, INFO:Marketing Funnel Automation: index 0 is out of bounds for axis 0 with size 0
2022-02-07 17:09:39,834, INFO:Front Pack Swim: index 0 is out of bounds for axis 0 with size 0
2022-02-07 17:09:56,349, INFO:Amplify My Business: index 0 is out of bounds for axis 0 with size 0
2022-02-07 17:09:56,840, INFO:PrecisionSlim: index 0 is out of bounds for axis 0 with size 0
2022-02-07 17:10:05,646, INFO:Cheryl Hunter: index 0 is out of bounds for axis 0 with size 0
2022-02-07 17:10:06,155, INFO:Local Mapsmith: index 0 is out of bounds for axis 0 with size 0
2022-02-07 17:10:06,668, INFO:2x: index 0 is out of bounds for axis 0 with size 0
2022-02-07 17:10:07,071, INFO:Modern Digital Agent: index 0 is out of bounds for axis 0 with size 0
2022-02-07 17:10:07,587, INFO:Scalebold: index 0 is out of bounds for axis 0 with size 0
2022-02-07 17:10:08,101, INFO:Sally Sparks: index 0 is out of bounds for axis 0 with size 0
2022-02-07 17:10:08,606, INFO:RemRoi: Out of bounds nanosecond timestamp: 1-08-09 00:00:00
2022-02-07 17:10:09,116, INFO:Milkshake Media: Out of bounds nanosecond timestamp: 1-08-09 00:00:00
2022-02-07 17:10:09,642, INFO:LaniNalu - inactive: Out of bounds nanosecond timestamp: 1-02-08 00:00:00
2022-02-07 17:10:10,123, INFO:Take Your Power Back Now: Out of bounds nanosecond timestamp: 1-08-16 00:00:00
2022-02-07 17:10:10,595, INFO:High Ticket Empress: Out of bounds nanosecond timestamp: 1-05-17 00:00:00
2022-02-07 17:10:11,063, INFO:Melanie Power: Out of bounds nanosecond timestamp: 1-07-19 00:00:00
2022-02-07 17:10:11,443, INFO:EBS: Out of bounds nanosecond timestamp: 1-08-16 00:00:00
2022-02-07 17:10:11,881, INFO:Committed 100: Out of bounds nanosecond timestamp: 1-09-27 00:00:00
2022-02-07 17:10:12,387, INFO:Tradacc: Out of bounds nanosecond timestamp: 1-10-18 00:00:00
2022-02-07 17:10:21,227, INFO:AltAgency: Out of bounds nanosecond timestamp: 1-01-01 00:00:00
2022-02-07 17:10:21,842, INFO:The Sponsorship Collective: Out of bounds nanosecond timestamp: 1-12-31 00:00:00
2022-02-07 17:10:39,117, INFO:Sales Recruiting University: Out of bounds nanosecond timestamp: 1-09-06 00:00:00
2022-02-07 17:11:00,533, INFO:ML Sense Ltd: index 0 is out of bounds for axis 0 with size 0
2022-02-07 17:11:00,939, INFO:Multiply Inc: Out of bounds nanosecond timestamp: 1-08-23 00:00:00
2022-02-07 17:11:01,442, INFO:Square 1 Group: index 0 is out of bounds for axis 0 with size 0
2022-02-07 17:11:18,400, INFO:Oneself Limited: Out of bounds nanosecond timestamp: 1-11-22 00:00:00
2022-02-07 17:11:23,217, INFO:Slackbot: 'Total SSB'
2022-02-07 17:11:23,651, INFO:EOD Reference: 'Total SSB'
